<?xml version="1.0" encoding="UTF-8"?>
<!-- Generated by org.testng.reporters.JUnitReportReporter -->
<testsuite hostname="P2CLAP-52GXD63" failures="0" tests="1" name="com.inetbankingv1.testcases.TC_LoginTest_001" time="0.019" errors="0" timestamp="2022-06-24T17:26:24 IST" skipped="0">
  <testcase classname="com.inetbankingv1.testcases.TC_LoginTest_001" name="testcase2" time="0.019"/>
  <system-out/>
</testsuite> <!-- com.inetbankingv1.testcases.TC_LoginTest_001 -->
